c:\users\user\desktop\c++ 1-2\week1\x64\debug\vc143.pdb
c:\users\user\desktop\c++ 1-2\week1\x64\debug\vc143.idb
c:\users\user\desktop\c++ 1-2\week1\x64\debug\math.obj
c:\users\user\desktop\c++ 1-2\week1\x64\debug\programming.obj
c:\users\user\desktop\c++ 1-2\week1\x64\debug\welcome.obj
c:\users\user\desktop\c++ 1-2\week1\x64\debug\week1.obj
c:\users\user\desktop\c++ 1-2\week1\x64\debug\week1.pdb
c:\users\user\desktop\c++ 1-2\week1\x64\debug\week1.tlog\cl.command.1.tlog
c:\users\user\desktop\c++ 1-2\week1\x64\debug\week1.tlog\cl.read.1.tlog
c:\users\user\desktop\c++ 1-2\week1\x64\debug\week1.tlog\cl.write.1.tlog
c:\users\user\desktop\c++ 1-2\week1\x64\debug\week1.tlog\link-cvtres.read.1.tlog
c:\users\user\desktop\c++ 1-2\week1\x64\debug\week1.tlog\link-cvtres.write.1.tlog
c:\users\user\desktop\c++ 1-2\week1\x64\debug\week1.tlog\link-rc.read.1.tlog
c:\users\user\desktop\c++ 1-2\week1\x64\debug\week1.tlog\link-rc.write.1.tlog
c:\users\user\desktop\c++ 1-2\week1\x64\debug\week1.tlog\link.10052-cvtres.read.1.tlog
c:\users\user\desktop\c++ 1-2\week1\x64\debug\week1.tlog\link.10052-cvtres.write.1.tlog
c:\users\user\desktop\c++ 1-2\week1\x64\debug\week1.tlog\link.10052-rc.read.1.tlog
c:\users\user\desktop\c++ 1-2\week1\x64\debug\week1.tlog\link.10052-rc.write.1.tlog
c:\users\user\desktop\c++ 1-2\week1\x64\debug\week1.tlog\link.10052.read.1.tlog
c:\users\user\desktop\c++ 1-2\week1\x64\debug\week1.tlog\link.10052.read.2.tlog
c:\users\user\desktop\c++ 1-2\week1\x64\debug\week1.tlog\link.10052.write.1.tlog
c:\users\user\desktop\c++ 1-2\week1\x64\debug\week1.tlog\link.command.1.tlog
c:\users\user\desktop\c++ 1-2\week1\x64\debug\week1.tlog\link.read.1.tlog
c:\users\user\desktop\c++ 1-2\week1\x64\debug\week1.tlog\link.read.2.tlog
c:\users\user\desktop\c++ 1-2\week1\x64\debug\week1.tlog\link.write.1.tlog
